<?xml version="1.0" encoding="UTF-8"?>
<beans xmlns="http://www.springframework.org/schema/beans"
	xmlns:xsi="http://www.w3.org/2001/XMLSchema-instance"
	xmlns:context="http://www.springframework.org/schema/context"
	xmlns:util="http://www.springframework.org/schema/util"
	xmlns:aop="http://www.springframework.org/schema/aop"
	xsi:schemaLocation="http://www.springframework.org/schema/beans http://www.springframework.org/schema/beans/spring-beans-3.0.xsd
		http://www.springframework.org/schema/util http://www.springframework.org/schema/util/spring-util-3.0.xsd
		http://www.springframework.org/schema/aop http://www.springframework.org/schema/aop/spring-aop-3.0.xsd
		http://www.springframework.org/schema/context http://www.springframework.org/schema/context/spring-context-3.0.xsd">


	<util:map id="contextParameters" map-class="java.util.HashMap">
        <entry key="SMART_HOME" value="D:\bizmob\workspace\bizmob.coway.SMART_HOME"/>
    </util:map>
	
	<!-- 
	<import resource="file:D:\bizmob\workspace\bizmob.coway.SMART_HOME/conf/applicationcontext-adapter.xml"/>
	<import resource="file:D:\bizmob\workspace\bizmob.coway.SMART_HOME/conf/applicationcontext-auth.xml"/>
	<import resource="file:D:\bizmob\workspace\bizmob.coway.SMART_HOME/conf/applicationcontext-bizlogic.xml"/>
	<import resource="file:D:\bizmob\workspace\bizmob.coway.SMART_HOME/conf/applicationcontext-resources.xml"/>
	-->

	<!-- sqlite sql -->
	<util:list id="mappers">
		<value>classpath:connector/sqlite/doctor/dao/DoctorBom.xml</value>
		<value>classpath:connector/sqlite/doctor/dao/DoctorCom.xml</value>
		<value>classpath:connector/sqlite/cody/dao/CodyBom.xml</value>
		<value>classpath:connector/sqlite/cody/dao/CodyCom.xml</value>
	</util:list>

	<!-- sqlite dataSource -->
	<!-- bean id="doctorBom_dataSource" class="org.apache.commons.dbcp.BasicDataSource" destroy-method="close" lazy-init="true">
		<property name="driverClassName" value="org.sqlite.JDBC" />
	    <property name="url" value="jdbc:sqlite:D:/bizmob/workspace/bizmob.coway.SMART_HOME/SYNC/CSDR/ING/WD_BOM" /> 
	    <property name="initialSize" value="1" />
	    <property name="maxActive" value="1" />
	    <property name="maxIdle" value="1" />
	    <property name="poolPreparedStatements" value="true" />
	</bean -->
	<bean id="doctorCom_dataSource" class="org.apache.commons.dbcp.BasicDataSource" destroy-method="close" lazy-init="true">
		<property name="driverClassName" value="org.sqlite.JDBC" />
	    <property name="url" value="jdbc:sqlite:D:/bizmob/workspace/bizmob.coway.SMART_HOME/SYNC/CSDR/ING/WD_COM" /> 
	    <property name="initialSize" value="1" />
	    <property name="maxActive" value="1" />
	    <property name="maxIdle" value="1" />
	    <property name="poolPreparedStatements" value="true" />
	</bean>
	<!-- bean id="doctorWork_dataSource" class="org.apache.commons.dbcp.BasicDataSource" destroy-method="close" lazy-init="true">
		<property name="driverClassName" value="org.sqlite.JDBC" />
	    <property name="url" value="jdbc:sqlite:D:/bizmob/workspace/bizmob.coway.SMART_HOME/SYNC/CSDR/WD_WORK.db" /> 
	    <property name="initialSize" value="1" />
	    <property name="maxActive" value="1" />
	    <property name="maxIdle" value="1" />
	    <property name="poolPreparedStatements" value="true" />
	</bean -->	
	
	<!-- bean id="codyBom_dataSource" class="org.apache.commons.dbcp.BasicDataSource" destroy-method="close" lazy-init="true">
		<property name="driverClassName" value="org.sqlite.JDBC" />
	    <property name="url" value="jdbc:sqlite:D:/bizmob/workspace/bizmob.coway.SMART_HOME/SYNC/CODY/ING/WC_BOM" /> 
	    <property name="initialSize" value="1" />
	    <property name="maxActive" value="1" />
	    <property name="maxIdle" value="1" />
	    <property name="poolPreparedStatements" value="true" />
	</bean -->
	<bean id="codyCom_dataSource" class="org.apache.commons.dbcp.BasicDataSource" destroy-method="close" lazy-init="true">
		<property name="driverClassName" value="org.sqlite.JDBC" />
	    <property name="url" value="jdbc:sqlite:D:/bizmob/workspace/bizmob.coway.SMART_HOME/SYNC/CODY/ING/WC_COM" /> 
	    <property name="initialSize" value="1" />
	    <property name="maxActive" value="1" />
	    <property name="maxIdle" value="1" />
	    <property name="poolPreparedStatements" value="true" />
	</bean>
	<!-- bean id="codyWork_dataSource" class="org.apache.commons.dbcp.BasicDataSource" destroy-method="close" lazy-init="true">
		<property name="driverClassName" value="org.sqlite.JDBC" />
	    <property name="url" value="jdbc:sqlite:D:/bizmob/workspace/bizmob.coway.SMART_HOME/SYNC/CODY/WC_WORK.db" /> 
	    <property name="initialSize" value="1" />
	    <property name="maxActive" value="1" />
	    <property name="maxIdle" value="1" />
	    <property name="poolPreparedStatements" value="true" />
	</bean -->
	 
	<!-- data source mapping -->
	<!-- bean id="doctorBomSessionFactory" class="org.mybatis.spring.SqlSessionFactoryBean">
		<property name="dataSource" ref="doctorBom_dataSource"/>
		<property name="mapperLocations" ref="mappers"/>
	</bean -->
	<bean id="doctorComSessionFactory" class="org.mybatis.spring.SqlSessionFactoryBean">
		<property name="dataSource" ref="doctorCom_dataSource"/>
		<property name="mapperLocations" ref="mappers"/>
	</bean>
	<!-- bean id="doctorWorkSessionFactory" class="org.mybatis.spring.SqlSessionFactoryBean">
		<property name="dataSource" ref="doctorWork_dataSource"/>
		<property name="mapperLocations" ref="mappers"/>
	</bean -->	

	<!-- bean id="codyBomSessionFactory" class="org.mybatis.spring.SqlSessionFactoryBean">
		<property name="dataSource" ref="codyBom_dataSource"/>
		<property name="mapperLocations" ref="mappers"/>
	</bean -->
	<bean id="codyComSessionFactory" class="org.mybatis.spring.SqlSessionFactoryBean">
		<property name="dataSource" ref="codyCom_dataSource"/>
		<property name="mapperLocations" ref="mappers"/>
	</bean>
	<!-- bean id="codyWorkSessionFactory" class="org.mybatis.spring.SqlSessionFactoryBean">
		<property name="dataSource" ref="codyWork_dataSource"/>
		<property name="mapperLocations" ref="mappers"/>
	</bean -->	
		
	<!-- data source name mapping -->
	<!-- bean id="doctorBomSessionTemplate" class="org.mybatis.spring.SqlSessionTemplate">
  		<constructor-arg index="0" ref="doctorBomSessionFactory" />
	</bean -->
	<bean id="doctorComSessionTemplate" class="org.mybatis.spring.SqlSessionTemplate">
  		<constructor-arg index="0" ref="doctorComSessionFactory" />
	</bean>
	<!-- bean id="doctorWorkSessionTemplate" class="org.mybatis.spring.SqlSessionTemplate">
  		<constructor-arg index="0" ref="doctorWorkSessionFactory" />
	</bean -->	
	
	<!-- bean id="codyBomSessionTemplate" class="org.mybatis.spring.SqlSessionTemplate">
  		<constructor-arg index="0" ref="codyBomSessionFactory" />
	</bean -->
	<bean id="codyComSessionTemplate" class="org.mybatis.spring.SqlSessionTemplate">
  		<constructor-arg index="0" ref="codyComSessionFactory" />
	</bean>
	<!-- bean id="codyWorkSessionTemplate" class="org.mybatis.spring.SqlSessionTemplate">
  		<constructor-arg index="0" ref="codyWorkSessionFactory" />
	</bean -->		
	
	<!-- transaction -->
	<!-- bean id="doctorBomTransactionManager" class="org.springframework.jdbc.datasource.DataSourceTransactionManager">
		<property name="dataSource" ref="doctorBom_dataSource"/>
	</bean -->
	<bean id="doctorComTransactionManager" class="org.springframework.jdbc.datasource.DataSourceTransactionManager">
		<property name="dataSource" ref="doctorCom_dataSource"/>
	</bean>
	<!-- bean id="doctorWorkTransactionManager" class="org.springframework.jdbc.datasource.DataSourceTransactionManager">
		<property name="dataSource" ref="doctorWork_dataSource"/>
	</bean -->

	<!-- bean id="codyBomTransactionManager" class="org.springframework.jdbc.datasource.DataSourceTransactionManager">
		<property name="dataSource" ref="codyBom_dataSource"/>
	</bean -->
	<bean id="codyComTransactionManager" class="org.springframework.jdbc.datasource.DataSourceTransactionManager">
		<property name="dataSource" ref="codyCom_dataSource"/>
	</bean>
	<!-- bean id="codyWorkTransactionManager" class="org.springframework.jdbc.datasource.DataSourceTransactionManager">
		<property name="dataSource" ref="codyWork_dataSource"/>
	</bean -->	
		
	<!-- dao -->
	<bean id="doctorBomDao" class="connector.sqlite.doctor.dao.DoctorBomDao">
		<property name="doctorComSessionTemplate" ref="doctorComSessionTemplate"/>
		<property name="doctorComTransactionManager" ref="doctorComTransactionManager"/>
	</bean>
	<bean id="doctorComDao" class="connector.sqlite.doctor.dao.DoctorComDao">
		<property name="doctorComSessionTemplate" ref="doctorComSessionTemplate"/>
		<property name="doctorComTransactionManager" ref="doctorComTransactionManager"/>
	</bean>
	<!-- bean id="doctorWorkDao" class="sqlite.doctor.dao.DoctorWorkDao">
		<property name="doctorWorkSessionTemplate" ref="doctorWorkSessionTemplate"/>
		<property name="doctorWorkTransactionManager" ref="doctorWorkTransactionManager"/>
	</bean -->	

	<bean id="codyBomDao" class="connector.sqlite.cody.dao.CodyBomDao">
		<property name="codyComSessionTemplate" ref="codyComSessionTemplate"/>
		<property name="codyComTransactionManager" ref="codyComTransactionManager"/>
	</bean>
	<bean id="codyComDao" class="connector.sqlite.cody.dao.CodyComDao">
		<property name="codyComSessionTemplate" ref="codyComSessionTemplate"/>
		<property name="codyComTransactionManager" ref="codyComTransactionManager"/>
	</bean>
	<!--  -->
	<!-- bean id="codyWorkDao" class="sqlite.cody.dao.CodyWorkDao">
		<property name="codyWorkSessionTemplate" ref="codyWorkSessionTemplate"/>
		<property name="codyWorkTransactionManager" ref="codyWorkTransactionManager"/>
	</bean -->
		
	<!-- batch -->
	<bean id="doctorBatchCode" class="batch.doctor.DoctorBatchCode"/>
	<bean id="doctorBatchProduct" class="batch.doctor.DoctorBatchProduct"/>
	<bean id="doctorBatchZip" class="batch.doctor.DoctorBatchZip">
		<property name="doctorBatchCode" ref="doctorBatchCode"/>
		<property name="doctorBatchProduct" ref="doctorBatchProduct"/>
	</bean>
	
	<bean id="codyBatch" class="batch.cody.CodyBatch" />
	<bean id="codyBatchZip" class="batch.cody.CodyBatchZip" >
		<property name="codyBatch" ref="codyBatch"/>
	</bean>
	
	<!-- user Close Batch -->
	<bean id="userCloseBatch" class="batch.user.close.UserCloseBatch" />

	<!-- Sap Adapter -->
	<bean id="sapAdapter" class="com.mcnc.bizmob.adapter.sap.SAPAdapterImpl" />
	<!-- DB Dao Adapter -->
	<bean id="myBatisDao" class="com.mcnc.bizmob.adapter.db.MyBatisGenericDao" />
	<!-- DB Adapter -->
	<bean id="dbAdapter" class="com.mcnc.bizmob.adapter.db.DBAdapterImpl" />
		
	<!-- dev system 
	<bean id="jcoProps" class="org.springframework.beans.factory.config.PropertiesFactoryBean">
 		<property name="properties">
 			<props>
 				<prop key="jco.client.client">210</prop>
 				<prop key="jco.client.mshost">192.1.1.145</prop>
 				<prop key="jco.client.sysnr">00</prop>
 				<prop key="jco.client.r3name">COD</prop>
 				<prop key="jco.client.group">TITAN</prop>
 				<prop key="jco.client.user">RFCTEST</prop>
 				<prop key="jco.client.passwd">qwer1234</prop>
 				<prop key="jco.client.lang">KO</prop>
 			</props>
 		</property>
 	</bean>	
 	-->
 
 	<!-- QA sap system -->
	<bean id="jcoProps" class="org.springframework.beans.factory.config.PropertiesFactoryBean">
 		<property name="properties">
 			<props>
 				<prop key="jco.client.mshost">192.1.1.149</prop>
 				<prop key="jco.client.sysnr">00</prop>
 				<prop key="jco.client.r3name">COQ</prop>
 				<prop key="jco.client.msserv">3600</prop>
 				<prop key="jco.client.group">TITAN</prop>
 				<prop key="jco.client.client">100</prop>
 				<prop key="jco.client.user">corfcd01</prop>
 				<prop key="jco.client.passwd">12345678</prop>
 				<prop key="jco.client.lang">KO</prop>
 				<prop key="jco.destination.pool_capacity">100</prop>
				<prop key="jco.destination.peak_limit">200</prop>
				<prop key="jco.destination.expiration_time">600000</prop>
 			</props>
 		</property>
 	</bean> 	

 	<bean id="sapConnector" class="com.mcnc.bizmob.adapter.sap.SapConnector">
		<constructor-arg ref="jcoProps"/>
	</bean>
		
	<!-- http client -->
	<bean id="httpClientTemplate" class="connect.http.HttpClientTemplate"/>
	
	<bean id="cowayCommonHttpClient" class="connect.http.coway.CowayCommonHttpClient">
		<property name="httpClientTemplate" ref="httpClientTemplate"/>
	</bean>
		
</beans>
